[2023-11-28 20:07:23] local.ERROR: SQLSTATE[42S02]: Base table or view not found: 1146 Table 'laravel.users' doesn't exist (SQL: select count(*) as aggregate from `users` where `email` = paconava@comunidad.unam.mx) {"exception":"[object] (Illuminate\\Database\\QueryException(code: 42S02): SQLSTATE[42S02]: Base table or view not found: 1146 Table 'laravel.users' doesn't exist (SQL: select count(*) as aggregate from `users` where `email` = paconava@comunidad.unam.mx) at /var/www/vendor/laravel/framework/src/Illuminate/Database/Connection.php:671)
[stacktrace]
#0 /var/www/vendor/laravel/framework/src/Illuminate/Database/Connection.php(631): Illuminate\\Database\\Connection->runQueryCallback('select count(*)...', Array, Object(Closure))
#1 /var/www/vendor/laravel/framework/src/Illuminate/Database/Connection.php(339): Illuminate\\Database\\Connection->run('select count(*)...', Array, Object(Closure))
#2 /var/www/vendor/laravel/framework/src/Illuminate/Database/Query/Builder.php(2270): Illuminate\\Database\\Connection->select('select count(*)...', Array, false)
#3 /var/www/vendor/laravel/framework/src/Illuminate/Database/Query/Builder.php(2258): Illuminate\\Database\\Query\\Builder->runSelect()
#4 /var/www/vendor/laravel/framework/src/Illuminate/Database/Query/Builder.php(2753): Illuminate\\Database\\Query\\Builder->Illuminate\\Database\\Query\\{closure}()
#5 /var/www/vendor/laravel/framework/src/Illuminate/Database/Query/Builder.php(2259): Illuminate\\Database\\Query\\Builder->onceWithColumns(Array, Object(Closure))
#6 /var/www/vendor/laravel/framework/src/Illuminate/Database/Query/Builder.php(2680): Illuminate\\Database\\Query\\Builder->get(Array)
#7 /var/www/vendor/laravel/framework/src/Illuminate/Database/Query/Builder.php(2608): Illuminate\\Database\\Query\\Builder->aggregate('count', Array)
#8 /var/www/vendor/laravel/framework/src/Illuminate/Validation/DatabasePresenceVerifier.php(55): Illuminate\\Database\\Query\\Builder->count()
#9 /var/www/vendor/laravel/framework/src/Illuminate/Validation/Concerns/ValidatesAttributes.php(765): Illuminate\\Validation\\DatabasePresenceVerifier->getCount('users', 'email', 'paconava@comuni...', NULL, NULL, Array)
#10 /var/www/vendor/laravel/framework/src/Illuminate/Validation/Validator.php(553): Illuminate\\Validation\\Validator->validateUnique('email', 'paconava@comuni...', Array, Object(Illuminate\\Validation\\Validator))
#11 /var/www/vendor/laravel/framework/src/Illuminate/Validation/Validator.php(377): Illuminate\\Validation\\Validator->validateAttribute('email', 'Unique')
#12 /var/www/vendor/laravel/framework/src/Illuminate/Validation/Validator.php(408): Illuminate\\Validation\\Validator->passes()
#13 /var/www/vendor/laravel/framework/src/Illuminate/Validation/Validator.php(450): Illuminate\\Validation\\Validator->fails()
#14 /var/www/vendor/laravel/ui/auth-backend/RegistersUsers.php(32): Illuminate\\Validation\\Validator->validate()
#15 /var/www/vendor/laravel/framework/src/Illuminate/Routing/Controller.php(54): App\\Http\\Controllers\\Auth\\RegisterController->register(Object(Illuminate\\Http\\Request))
#16 /var/www/vendor/laravel/framework/src/Illuminate/Routing/ControllerDispatcher.php(45): Illuminate\\Routing\\Controller->callAction('register', Array)
#17 /var/www/vendor/laravel/framework/src/Illuminate/Routing/Route.php(239): Illuminate\\Routing\\ControllerDispatcher->dispatch(Object(Illuminate\\Routing\\Route), Object(App\\Http\\Controllers\\Auth\\RegisterController), 'register')
#18 /var/www/vendor/laravel/framework/src/Illuminate/Routing/Route.php(196): Illuminate\\Routing\\Route->runController()
#19 /var/www/vendor/laravel/framework/src/Illuminate/Routing/Router.php(685): Illuminate\\Routing\\Route->run()
#20 /var/www/vendor/laravel/framework/src/Illuminate/Pipeline/Pipeline.php(128): Illuminate\\Routing\\Router->Illuminate\\Routing\\{closure}(Object(Illuminate\\Http\\Request))
#21 /var/www/app/Http/Middleware/RedirectIfAuthenticated.php(24): Illuminate\\Pipeline\\Pipeline->Illuminate\\Pipeline\\{closure}(Object(Illuminate\\Http\\Request))
#22 /var/www/vendor/laravel/framework/src/Illuminate/Pipeline/Pipeline.php(167): App\\Http\\Middleware\\RedirectIfAuthenticated->handle(Object(Illuminate\\Http\\Request), Object(Closure))
#23 /var/www/vendor/laravel/framework/src/Illuminate/Routing/Middleware/SubstituteBindings.php(41): Illuminate\\Pipeline\\Pipeline->Illuminate\\Pipeline\\{closure}(Object(Illuminate\\Http\\Request))
#24 /var/www/vendor/laravel/framework/src/Illuminate/Pipeline/Pipeline.php(167): Illuminate\\Routing\\Middleware\\SubstituteBindings->handle(Object(Illuminate\\Http\\Request), Object(Closure))
#25 /var/www/vendor/laravel/framework/src/Illuminate/Foundation/Http/Middleware/VerifyCsrfToken.php(78): Illuminate\\Pipeline\\Pipeline->Illuminate\\Pipeline\\{closure}(Object(Illuminate\\Http\\Request))
#26 /var/www/vendor/laravel/framework/src/Illuminate/Pipeline/Pipeline.php(167): Illuminate\\Foundation\\Http\\Middleware\\VerifyCsrfToken->handle(Object(Illuminate\\Http\\Request), Object(Closure))
#27 /var/www/vendor/laravel/framework/src/Illuminate/View/Middleware/ShareErrorsFromSession.php(49): Illuminate\\Pipeline\\Pipeline->Illuminate\\Pipeline\\{closure}(Object(Illuminate\\Http\\Request))
#28 /var/www/vendor/laravel/framework/src/Illuminate/Pipeline/Pipeline.php(167): Illuminate\\View\\Middleware\\ShareErrorsFromSession->handle(Object(Illuminate\\Http\\Request), Object(Closure))
#29 /var/www/vendor/laravel/framework/src/Illuminate/Session/Middleware/StartSession.php(116): Illuminate\\Pipeline\\Pipeline->Illuminate\\Pipeline\\{closure}(Object(Illuminate\\Http\\Request))
#30 /var/www/vendor/laravel/framework/src/Illuminate/Session/Middleware/StartSession.php(62): Illuminate\\Session\\Middleware\\StartSession->handleStatefulRequest(Object(Illuminate\\Http\\Request), Object(Illuminate\\Session\\Store), Object(Closure))
#31 /var/www/vendor/laravel/framework/src/Illuminate/Pipeline/Pipeline.php(167): Illuminate\\Session\\Middleware\\StartSession->handle(Object(Illuminate\\Http\\Request), Object(Closure))
#32 /var/www/vendor/laravel/framework/src/Illuminate/Cookie/Middleware/AddQueuedCookiesToResponse.php(37): Illuminate\\Pipeline\\Pipeline->Illuminate\\Pipeline\\{closure}(Object(Illuminate\\Http\\Request))
#33 /var/www/vendor/laravel/framework/src/Illuminate/Pipeline/Pipeline.php(167): Illuminate\\Cookie\\Middleware\\AddQueuedCookiesToResponse->handle(Object(Illuminate\\Http\\Request), Object(Closure))
#34 /var/www/vendor/laravel/framework/src/Illuminate/Cookie/Middleware/EncryptCookies.php(67): Illuminate\\Pipeline\\Pipeline->Illuminate\\Pipeline\\{closure}(Object(Illuminate\\Http\\Request))
#35 /var/www/vendor/laravel/framework/src/Illuminate/Pipeline/Pipeline.php(167): Illuminate\\Cookie\\Middleware\\EncryptCookies->handle(Object(Illuminate\\Http\\Request), Object(Closure))
#36 /var/www/vendor/laravel/framework/src/Illuminate/Pipeline/Pipeline.php(103): Illuminate\\Pipeline\\Pipeline->Illuminate\\Pipeline\\{closure}(Object(Illuminate\\Http\\Request))
#37 /var/www/vendor/laravel/framework/src/Illuminate/Routing/Router.php(687): Illuminate\\Pipeline\\Pipeline->then(Object(Closure))
#38 /var/www/vendor/laravel/framework/src/Illuminate/Routing/Router.php(662): Illuminate\\Routing\\Router->runRouteWithinStack(Object(Illuminate\\Routing\\Route), Object(Illuminate\\Http\\Request))
#39 /var/www/vendor/laravel/framework/src/Illuminate/Routing/Router.php(628): Illuminate\\Routing\\Router->runRoute(Object(Illuminate\\Http\\Request), Object(Illuminate\\Routing\\Route))
#40 /var/www/vendor/laravel/framework/src/Illuminate/Routing/Router.php(617): Illuminate\\Routing\\Router->dispatchToRoute(Object(Illuminate\\Http\\Request))
#41 /var/www/vendor/laravel/framework/src/Illuminate/Foundation/Http/Kernel.php(165): Illuminate\\Routing\\Router->dispatch(Object(Illuminate\\Http\\Request))
#42 /var/www/vendor/laravel/framework/src/Illuminate/Pipeline/Pipeline.php(128): Illuminate\\Foundation\\Http\\Kernel->Illuminate\\Foundation\\Http\\{closure}(Object(Illuminate\\Http\\Request))
#43 /var/www/vendor/laravel/framework/src/Illuminate/Foundation/Http/Middleware/TransformsRequest.php(21): Illuminate\\Pipeline\\Pipeline->Illuminate\\Pipeline\\{closure}(Object(Illuminate\\Http\\Request))
#44 /var/www/vendor/laravel/framework/src/Illuminate/Pipeline/Pipeline.php(167): Illuminate\\Foundation\\Http\\Middleware\\TransformsRequest->handle(Object(Illuminate\\Http\\Request), Object(Closure))
#45 /var/www/vendor/laravel/framework/src/Illuminate/Foundation/Http/Middleware/TransformsRequest.php(21): Illuminate\\Pipeline\\Pipeline->Illuminate\\Pipeline\\{closure}(Object(Illuminate\\Http\\Request))
#46 /var/www/vendor/laravel/framework/src/Illuminate/Pipeline/Pipeline.php(167): Illuminate\\Foundation\\Http\\Middleware\\TransformsRequest->handle(Object(Illuminate\\Http\\Request), Object(Closure))
#47 /var/www/vendor/laravel/framework/src/Illuminate/Foundation/Http/Middleware/ValidatePostSize.php(27): Illuminate\\Pipeline\\Pipeline->Illuminate\\Pipeline\\{closure}(Object(Illuminate\\Http\\Request))
#48 /var/www/vendor/laravel/framework/src/Illuminate/Pipeline/Pipeline.php(167): Illuminate\\Foundation\\Http\\Middleware\\ValidatePostSize->handle(Object(Illuminate\\Http\\Request), Object(Closure))
#49 /var/www/vendor/laravel/framework/src/Illuminate/Foundation/Http/Middleware/CheckForMaintenanceMode.php(63): Illuminate\\Pipeline\\Pipeline->Illuminate\\Pipeline\\{closure}(Object(Illuminate\\Http\\Request))
#50 /var/www/vendor/laravel/framework/src/Illuminate/Pipeline/Pipeline.php(167): Illuminate\\Foundation\\Http\\Middleware\\CheckForMaintenanceMode->handle(Object(Illuminate\\Http\\Request), Object(Closure))
#51 /var/www/vendor/fideloper/proxy/src/TrustProxies.php(57): Illuminate\\Pipeline\\Pipeline->Illuminate\\Pipeline\\{closure}(Object(Illuminate\\Http\\Request))
#52 /var/www/vendor/laravel/framework/src/Illuminate/Pipeline/Pipeline.php(167): Fideloper\\Proxy\\TrustProxies->handle(Object(Illuminate\\Http\\Request), Object(Closure))
#53 /var/www/vendor/laravel/framework/src/Illuminate/Pipeline/Pipeline.php(103): Illuminate\\Pipeline\\Pipeline->Illuminate\\Pipeline\\{closure}(Object(Illuminate\\Http\\Request))
#54 /var/www/vendor/laravel/framework/src/Illuminate/Foundation/Http/Kernel.php(140): Illuminate\\Pipeline\\Pipeline->then(Object(Closure))
#55 /var/www/vendor/laravel/framework/src/Illuminate/Foundation/Http/Kernel.php(109): Illuminate\\Foundation\\Http\\Kernel->sendRequestThroughRouter(Object(Illuminate\\Http\\Request))
#56 /var/www/public/index.php(55): Illuminate\\Foundation\\Http\\Kernel->handle(Object(Illuminate\\Http\\Request))
#57 {main}

[previous exception] [object] (PDOException(code: 42S02): SQLSTATE[42S02]: Base table or view not found: 1146 Table 'laravel.users' doesn't exist at /var/www/vendor/laravel/framework/src/Illuminate/Database/Connection.php:331)
[stacktrace]
#0 /var/www/vendor/laravel/framework/src/Illuminate/Database/Connection.php(331): PDO->prepare('select count(*)...')
#1 /var/www/vendor/laravel/framework/src/Illuminate/Database/Connection.php(664): Illuminate\\Database\\Connection->Illuminate\\Database\\{closure}('select count(*)...', Array)
#2 /var/www/vendor/laravel/framework/src/Illuminate/Database/Connection.php(631): Illuminate\\Database\\Connection->runQueryCallback('select count(*)...', Array, Object(Closure))
#3 /var/www/vendor/laravel/framework/src/Illuminate/Database/Connection.php(339): Illuminate\\Database\\Connection->run('select count(*)...', Array, Object(Closure))
#4 /var/www/vendor/laravel/framework/src/Illuminate/Database/Query/Builder.php(2270): Illuminate\\Database\\Connection->select('select count(*)...', Array, false)
#5 /var/www/vendor/laravel/framework/src/Illuminate/Database/Query/Builder.php(2258): Illuminate\\Database\\Query\\Builder->runSelect()
#6 /var/www/vendor/laravel/framework/src/Illuminate/Database/Query/Builder.php(2753): Illuminate\\Database\\Query\\Builder->Illuminate\\Database\\Query\\{closure}()
#7 /var/www/vendor/laravel/framework/src/Illuminate/Database/Query/Builder.php(2259): Illuminate\\Database\\Query\\Builder->onceWithColumns(Array, Object(Closure))
#8 /var/www/vendor/laravel/framework/src/Illuminate/Database/Query/Builder.php(2680): Illuminate\\Database\\Query\\Builder->get(Array)
#9 /var/www/vendor/laravel/framework/src/Illuminate/Database/Query/Builder.php(2608): Illuminate\\Database\\Query\\Builder->aggregate('count', Array)
#10 /var/www/vendor/laravel/framework/src/Illuminate/Validation/DatabasePresenceVerifier.php(55): Illuminate\\Database\\Query\\Builder->count()
#11 /var/www/vendor/laravel/framework/src/Illuminate/Validation/Concerns/ValidatesAttributes.php(765): Illuminate\\Validation\\DatabasePresenceVerifier->getCount('users', 'email', 'paconava@comuni...', NULL, NULL, Array)
#12 /var/www/vendor/laravel/framework/src/Illuminate/Validation/Validator.php(553): Illuminate\\Validation\\Validator->validateUnique('email', 'paconava@comuni...', Array, Object(Illuminate\\Validation\\Validator))
#13 /var/www/vendor/laravel/framework/src/Illuminate/Validation/Validator.php(377): Illuminate\\Validation\\Validator->validateAttribute('email', 'Unique')
#14 /var/www/vendor/laravel/framework/src/Illuminate/Validation/Validator.php(408): Illuminate\\Validation\\Validator->passes()
#15 /var/www/vendor/laravel/framework/src/Illuminate/Validation/Validator.php(450): Illuminate\\Validation\\Validator->fails()
#16 /var/www/vendor/laravel/ui/auth-backend/RegistersUsers.php(32): Illuminate\\Validation\\Validator->validate()
#17 /var/www/vendor/laravel/framework/src/Illuminate/Routing/Controller.php(54): App\\Http\\Controllers\\Auth\\RegisterController->register(Object(Illuminate\\Http\\Request))
#18 /var/www/vendor/laravel/framework/src/Illuminate/Routing/ControllerDispatcher.php(45): Illuminate\\Routing\\Controller->callAction('register', Array)
#19 /var/www/vendor/laravel/framework/src/Illuminate/Routing/Route.php(239): Illuminate\\Routing\\ControllerDispatcher->dispatch(Object(Illuminate\\Routing\\Route), Object(App\\Http\\Controllers\\Auth\\RegisterController), 'register')
#20 /var/www/vendor/laravel/framework/src/Illuminate/Routing/Route.php(196): Illuminate\\Routing\\Route->runController()
#21 /var/www/vendor/laravel/framework/src/Illuminate/Routing/Router.php(685): Illuminate\\Routing\\Route->run()
#22 /var/www/vendor/laravel/framework/src/Illuminate/Pipeline/Pipeline.php(128): Illuminate\\Routing\\Router->Illuminate\\Routing\\{closure}(Object(Illuminate\\Http\\Request))
#23 /var/www/app/Http/Middleware/RedirectIfAuthenticated.php(24): Illuminate\\Pipeline\\Pipeline->Illuminate\\Pipeline\\{closure}(Object(Illuminate\\Http\\Request))
#24 /var/www/vendor/laravel/framework/src/Illuminate/Pipeline/Pipeline.php(167): App\\Http\\Middleware\\RedirectIfAuthenticated->handle(Object(Illuminate\\Http\\Request), Object(Closure))
#25 /var/www/vendor/laravel/framework/src/Illuminate/Routing/Middleware/SubstituteBindings.php(41): Illuminate\\Pipeline\\Pipeline->Illuminate\\Pipeline\\{closure}(Object(Illuminate\\Http\\Request))
#26 /var/www/vendor/laravel/framework/src/Illuminate/Pipeline/Pipeline.php(167): Illuminate\\Routing\\Middleware\\SubstituteBindings->handle(Object(Illuminate\\Http\\Request), Object(Closure))
#27 /var/www/vendor/laravel/framework/src/Illuminate/Foundation/Http/Middleware/VerifyCsrfToken.php(78): Illuminate\\Pipeline\\Pipeline->Illuminate\\Pipeline\\{closure}(Object(Illuminate\\Http\\Request))
#28 /var/www/vendor/laravel/framework/src/Illuminate/Pipeline/Pipeline.php(167): Illuminate\\Foundation\\Http\\Middleware\\VerifyCsrfToken->handle(Object(Illuminate\\Http\\Request), Object(Closure))
#29 /var/www/vendor/laravel/framework/src/Illuminate/View/Middleware/ShareErrorsFromSession.php(49): Illuminate\\Pipeline\\Pipeline->Illuminate\\Pipeline\\{closure}(Object(Illuminate\\Http\\Request))
#30 /var/www/vendor/laravel/framework/src/Illuminate/Pipeline/Pipeline.php(167): Illuminate\\View\\Middleware\\ShareErrorsFromSession->handle(Object(Illuminate\\Http\\Request), Object(Closure))
#31 /var/www/vendor/laravel/framework/src/Illuminate/Session/Middleware/StartSession.php(116): Illuminate\\Pipeline\\Pipeline->Illuminate\\Pipeline\\{closure}(Object(Illuminate\\Http\\Request))
#32 /var/www/vendor/laravel/framework/src/Illuminate/Session/Middleware/StartSession.php(62): Illuminate\\Session\\Middleware\\StartSession->handleStatefulRequest(Object(Illuminate\\Http\\Request), Object(Illuminate\\Session\\Store), Object(Closure))
#33 /var/www/vendor/laravel/framework/src/Illuminate/Pipeline/Pipeline.php(167): Illuminate\\Session\\Middleware\\StartSession->handle(Object(Illuminate\\Http\\Request), Object(Closure))
#34 /var/www/vendor/laravel/framework/src/Illuminate/Cookie/Middleware/AddQueuedCookiesToResponse.php(37): Illuminate\\Pipeline\\Pipeline->Illuminate\\Pipeline\\{closure}(Object(Illuminate\\Http\\Request))
#35 /var/www/vendor/laravel/framework/src/Illuminate/Pipeline/Pipeline.php(167): Illuminate\\Cookie\\Middleware\\AddQueuedCookiesToResponse->handle(Object(Illuminate\\Http\\Request), Object(Closure))
#36 /var/www/vendor/laravel/framework/src/Illuminate/Cookie/Middleware/EncryptCookies.php(67): Illuminate\\Pipeline\\Pipeline->Illuminate\\Pipeline\\{closure}(Object(Illuminate\\Http\\Request))
#37 /var/www/vendor/laravel/framework/src/Illuminate/Pipeline/Pipeline.php(167): Illuminate\\Cookie\\Middleware\\EncryptCookies->handle(Object(Illuminate\\Http\\Request), Object(Closure))
#38 /var/www/vendor/laravel/framework/src/Illuminate/Pipeline/Pipeline.php(103): Illuminate\\Pipeline\\Pipeline->Illuminate\\Pipeline\\{closure}(Object(Illuminate\\Http\\Request))
#39 /var/www/vendor/laravel/framework/src/Illuminate/Routing/Router.php(687): Illuminate\\Pipeline\\Pipeline->then(Object(Closure))
#40 /var/www/vendor/laravel/framework/src/Illuminate/Routing/Router.php(662): Illuminate\\Routing\\Router->runRouteWithinStack(Object(Illuminate\\Routing\\Route), Object(Illuminate\\Http\\Request))
#41 /var/www/vendor/laravel/framework/src/Illuminate/Routing/Router.php(628): Illuminate\\Routing\\Router->runRoute(Object(Illuminate\\Http\\Request), Object(Illuminate\\Routing\\Route))
#42 /var/www/vendor/laravel/framework/src/Illuminate/Routing/Router.php(617): Illuminate\\Routing\\Router->dispatchToRoute(Object(Illuminate\\Http\\Request))
#43 /var/www/vendor/laravel/framework/src/Illuminate/Foundation/Http/Kernel.php(165): Illuminate\\Routing\\Router->dispatch(Object(Illuminate\\Http\\Request))
#44 /var/www/vendor/laravel/framework/src/Illuminate/Pipeline/Pipeline.php(128): Illuminate\\Foundation\\Http\\Kernel->Illuminate\\Foundation\\Http\\{closure}(Object(Illuminate\\Http\\Request))
#45 /var/www/vendor/laravel/framework/src/Illuminate/Foundation/Http/Middleware/TransformsRequest.php(21): Illuminate\\Pipeline\\Pipeline->Illuminate\\Pipeline\\{closure}(Object(Illuminate\\Http\\Request))
#46 /var/www/vendor/laravel/framework/src/Illuminate/Pipeline/Pipeline.php(167): Illuminate\\Foundation\\Http\\Middleware\\TransformsRequest->handle(Object(Illuminate\\Http\\Request), Object(Closure))
#47 /var/www/vendor/laravel/framework/src/Illuminate/Foundation/Http/Middleware/TransformsRequest.php(21): Illuminate\\Pipeline\\Pipeline->Illuminate\\Pipeline\\{closure}(Object(Illuminate\\Http\\Request))
#48 /var/www/vendor/laravel/framework/src/Illuminate/Pipeline/Pipeline.php(167): Illuminate\\Foundation\\Http\\Middleware\\TransformsRequest->handle(Object(Illuminate\\Http\\Request), Object(Closure))
#49 /var/www/vendor/laravel/framework/src/Illuminate/Foundation/Http/Middleware/ValidatePostSize.php(27): Illuminate\\Pipeline\\Pipeline->Illuminate\\Pipeline\\{closure}(Object(Illuminate\\Http\\Request))
#50 /var/www/vendor/laravel/framework/src/Illuminate/Pipeline/Pipeline.php(167): Illuminate\\Foundation\\Http\\Middleware\\ValidatePostSize->handle(Object(Illuminate\\Http\\Request), Object(Closure))
#51 /var/www/vendor/laravel/framework/src/Illuminate/Foundation/Http/Middleware/CheckForMaintenanceMode.php(63): Illuminate\\Pipeline\\Pipeline->Illuminate\\Pipeline\\{closure}(Object(Illuminate\\Http\\Request))
#52 /var/www/vendor/laravel/framework/src/Illuminate/Pipeline/Pipeline.php(167): Illuminate\\Foundation\\Http\\Middleware\\CheckForMaintenanceMode->handle(Object(Illuminate\\Http\\Request), Object(Closure))
#53 /var/www/vendor/fideloper/proxy/src/TrustProxies.php(57): Illuminate\\Pipeline\\Pipeline->Illuminate\\Pipeline\\{closure}(Object(Illuminate\\Http\\Request))
#54 /var/www/vendor/laravel/framework/src/Illuminate/Pipeline/Pipeline.php(167): Fideloper\\Proxy\\TrustProxies->handle(Object(Illuminate\\Http\\Request), Object(Closure))
#55 /var/www/vendor/laravel/framework/src/Illuminate/Pipeline/Pipeline.php(103): Illuminate\\Pipeline\\Pipeline->Illuminate\\Pipeline\\{closure}(Object(Illuminate\\Http\\Request))
#56 /var/www/vendor/laravel/framework/src/Illuminate/Foundation/Http/Kernel.php(140): Illuminate\\Pipeline\\Pipeline->then(Object(Closure))
#57 /var/www/vendor/laravel/framework/src/Illuminate/Foundation/Http/Kernel.php(109): Illuminate\\Foundation\\Http\\Kernel->sendRequestThroughRouter(Object(Illuminate\\Http\\Request))
#58 /var/www/public/index.php(55): Illuminate\\Foundation\\Http\\Kernel->handle(Object(Illuminate\\Http\\Request))
#59 {main}
"} 
[2023-11-28 20:18:28] local.ERROR: Allowed memory size of 134217728 bytes exhausted (tried to allocate 86016 bytes) {"exception":"[object] (Symfony\\Component\\ErrorHandler\\Error\\FatalError(code: 0): Allowed memory size of 134217728 bytes exhausted (tried to allocate 86016 bytes) at /var/www/vendor/laravel/framework/src/Illuminate/Database/Connection.php:464)
[stacktrace]
#0 {main}
"} 
[2023-11-28 20:32:55] local.ERROR: Allowed memory size of 134217728 bytes exhausted (tried to allocate 86016 bytes) {"exception":"[object] (Symfony\\Component\\ErrorHandler\\Error\\FatalError(code: 0): Allowed memory size of 134217728 bytes exhausted (tried to allocate 86016 bytes) at /var/www/vendor/laravel/framework/src/Illuminate/Database/Connection.php:464)
[stacktrace]
#0 {main}
"} 
[2023-11-28 20:47:33] local.INFO: [{"id":9,"division_id":5,"nombre":"Departamento de Ingenier\u00eda de Control y Rob\u00f3tica","created_at":"2023-11-28T20:45:06.000000Z","updated_at":"2023-11-28T20:45:06.000000Z"},{"id":12,"division_id":5,"nombre":"Departamento de Ingenier\u00eda Electr\u00f3nica","created_at":"2023-11-28T20:45:06.000000Z","updated_at":"2023-11-28T20:45:06.000000Z"},{"id":13,"division_id":5,"nombre":"Departamento de Ingenier\u00eda en Computaci\u00f3n","created_at":"2023-11-28T20:45:06.000000Z","updated_at":"2023-11-28T20:45:06.000000Z"},{"id":14,"division_id":5,"nombre":"Departamento de Ingenier\u00eda en Energ\u00eda El\u00e9ctrica","created_at":"2023-11-28T20:45:06.000000Z","updated_at":"2023-11-28T20:45:06.000000Z"},{"id":15,"division_id":5,"nombre":"Departamento de Ingenier\u00eda en Procesamiento de Se\u00f1ales","created_at":"2023-11-28T20:45:06.000000Z","updated_at":"2023-11-28T20:45:06.000000Z"},{"id":16,"division_id":5,"nombre":"Departamento de Ingenier\u00eda en Sistemas Energ\u00e9ticos","created_at":"2023-11-28T20:45:06.000000Z","updated_at":"2023-11-28T20:45:06.000000Z"},{"id":17,"division_id":5,"nombre":"Departamento de Ingenier\u00eda en Telecomunicaciones","created_at":"2023-11-28T20:45:06.000000Z","updated_at":"2023-11-28T20:45:06.000000Z"}]  
[2023-11-28 20:47:43] local.INFO: [{"id":207,"depto_id":12,"nombre":"AMPLIFICADORES ELECTRONICOS","created_at":"2023-11-28T20:45:07.000000Z","updated_at":"2023-11-28T20:45:07.000000Z"},{"id":208,"depto_id":12,"nombre":"CIRCUITOS INTEGRADOS ANALOGICOS","created_at":"2023-11-28T20:45:07.000000Z","updated_at":"2023-11-28T20:45:07.000000Z"},{"id":209,"depto_id":12,"nombre":"CIRCUITOS PARA COMUNICACIONES","created_at":"2023-11-28T20:45:07.000000Z","updated_at":"2023-11-28T20:45:07.000000Z"},{"id":210,"depto_id":12,"nombre":"DISE\u00d1O DIGITAL","created_at":"2023-11-28T20:45:07.000000Z","updated_at":"2023-11-28T20:45:07.000000Z"},{"id":211,"depto_id":12,"nombre":"DISPOSITIVOS ELECTRONICOS","created_at":"2023-11-28T20:45:07.000000Z","updated_at":"2023-11-28T20:45:07.000000Z"},{"id":212,"depto_id":12,"nombre":"DISPOSITIVOS ELECTRONICOS PROGRAMABLES","created_at":"2023-11-28T20:45:07.000000Z","updated_at":"2023-11-28T20:45:07.000000Z"},{"id":213,"depto_id":12,"nombre":"DISPOSITIVOS Y CIRCUITOS ELECTRONICOS","created_at":"2023-11-28T20:45:07.000000Z","updated_at":"2023-11-28T20:45:07.000000Z"},{"id":214,"depto_id":12,"nombre":"ELECTRONICA DE POTENCIA","created_at":"2023-11-28T20:45:07.000000Z","updated_at":"2023-11-28T20:45:07.000000Z"},{"id":215,"depto_id":12,"nombre":"ELECTRONICA DIGITAL","created_at":"2023-11-28T20:45:07.000000Z","updated_at":"2023-11-28T20:45:07.000000Z"},{"id":216,"depto_id":12,"nombre":"ELECTRONICA PARA TELECOMUNICACIONES","created_at":"2023-11-28T20:45:07.000000Z","updated_at":"2023-11-28T20:45:07.000000Z"},{"id":217,"depto_id":12,"nombre":"FISICA DE SEMICONDUCTORES","created_at":"2023-11-28T20:45:07.000000Z","updated_at":"2023-11-28T20:45:07.000000Z"},{"id":218,"depto_id":12,"nombre":"LAB.  AMPLIFICADORES ELECTRONICOS","created_at":"2023-11-28T20:45:07.000000Z","updated_at":"2023-11-28T20:45:07.000000Z"},{"id":219,"depto_id":12,"nombre":"LAB. AMPLIFICADORES ELECTRONICOS","created_at":"2023-11-28T20:45:07.000000Z","updated_at":"2023-11-28T20:45:07.000000Z"},{"id":220,"depto_id":12,"nombre":"LAB. CIRCUITOS INTEGRADOS ANALOGICOS","created_at":"2023-11-28T20:45:07.000000Z","updated_at":"2023-11-28T20:45:07.000000Z"},{"id":221,"depto_id":12,"nombre":"LAB. CIRCUITOS PARA COMUNICACIONES","created_at":"2023-11-28T20:45:07.000000Z","updated_at":"2023-11-28T20:45:07.000000Z"},{"id":222,"depto_id":12,"nombre":"LAB. DISE\u00d1O DIGITAL","created_at":"2023-11-28T20:45:07.000000Z","updated_at":"2023-11-28T20:45:07.000000Z"},{"id":223,"depto_id":12,"nombre":"LAB. DISPOSITIVOS ELECTRONICOS","created_at":"2023-11-28T20:45:07.000000Z","updated_at":"2023-11-28T20:45:07.000000Z"},{"id":224,"depto_id":12,"nombre":"LAB. DISPOSITIVOS Y CIRCUITOS ELECTRONICOS","created_at":"2023-11-28T20:45:07.000000Z","updated_at":"2023-11-28T20:45:07.000000Z"},{"id":225,"depto_id":12,"nombre":"LAB. ELECTRONICA PARA TELECOMUNICACIONES","created_at":"2023-11-28T20:45:07.000000Z","updated_at":"2023-11-28T20:45:07.000000Z"},{"id":226,"depto_id":12,"nombre":"LAB. MICROPROCESADORES Y MICROCONTROLADORES","created_at":"2023-11-28T20:45:07.000000Z","updated_at":"2023-11-28T20:45:07.000000Z"},{"id":227,"depto_id":12,"nombre":"MEMS PARA RADIOFRECUENCIA","created_at":"2023-11-28T20:45:07.000000Z","updated_at":"2023-11-28T20:45:07.000000Z"},{"id":228,"depto_id":12,"nombre":"MICROPROCESADORES Y MICROCONTROLADORES","created_at":"2023-11-28T20:45:07.000000Z","updated_at":"2023-11-28T20:45:07.000000Z"},{"id":229,"depto_id":12,"nombre":"PROYECTO DE INVESTIGACION DE INGENIERIA ELECTRICA ELECTRONICA","created_at":"2023-11-28T20:45:07.000000Z","updated_at":"2023-11-28T20:45:07.000000Z"},{"id":230,"depto_id":12,"nombre":"SISTEMAS DIGITALES","created_at":"2023-11-28T20:45:07.000000Z","updated_at":"2023-11-28T20:45:07.000000Z"},{"id":231,"depto_id":12,"nombre":"SISTEMAS EMBEBIDOS","created_at":"2023-11-28T20:45:07.000000Z","updated_at":"2023-11-28T20:45:07.000000Z"},{"id":232,"depto_id":12,"nombre":"SISTEMAS OPERATIVOS EN TIEMPO REAL","created_at":"2023-11-28T20:45:07.000000Z","updated_at":"2023-11-28T20:45:07.000000Z"},{"id":233,"depto_id":12,"nombre":"TEMAS SELECTOS DE ELECTRONICA","created_at":"2023-11-28T20:45:07.000000Z","updated_at":"2023-11-28T20:45:07.000000Z"},{"id":234,"depto_id":12,"nombre":"AMPLIFICADORES PARA MICROONDAS","created_at":"2023-11-28T20:45:07.000000Z","updated_at":"2023-11-28T20:45:07.000000Z"},{"id":235,"depto_id":12,"nombre":"SISTEMAS ELECTRONICOS ANALOGICOS","created_at":"2023-11-28T20:45:07.000000Z","updated_at":"2023-11-28T20:45:07.000000Z"},{"id":236,"depto_id":12,"nombre":"SISTEMAS ELECTRONICOS","created_at":"2023-11-28T20:45:07.000000Z","updated_at":"2023-11-28T20:45:07.000000Z"},{"id":237,"depto_id":12,"nombre":"LAB. SISTEMAS ELECTRONICOS ANALOGICOS","created_at":"2023-11-28T20:45:07.000000Z","updated_at":"2023-11-28T20:45:07.000000Z"},{"id":238,"depto_id":12,"nombre":"LAB. SISTEMAS ELECTRONICOS","created_at":"2023-11-28T20:45:07.000000Z","updated_at":"2023-11-28T20:45:07.000000Z"}]  
[2023-11-28 20:47:52] local.INFO: array (
  'division' => '5',
  'departamento' => 'Departamento de Ingeniería Electrónica',
  'asignatura' => '231',
)  
[2023-11-28 21:00:06] local.INFO: [{"id":29,"division_id":2,"nombre":"Departamento de Asignaturas Socio-human\u00edsticas","created_at":"2023-11-28T20:45:06.000000Z","updated_at":"2023-11-28T20:45:06.000000Z"}]  
[2023-11-28 21:00:15] local.INFO: [{"id":530,"depto_id":29,"nombre":"CIENCIA TECNOLOGIA Y SOCIEDAD","created_at":"2023-11-28T20:45:07.000000Z","updated_at":"2023-11-28T20:45:07.000000Z"},{"id":531,"depto_id":29,"nombre":"CULTURA Y COMUNICACION (2016)","created_at":"2023-11-28T20:45:07.000000Z","updated_at":"2023-11-28T20:45:07.000000Z"},{"id":532,"depto_id":29,"nombre":"ETICA PROFESIONAL","created_at":"2023-11-28T20:45:07.000000Z","updated_at":"2023-11-28T20:45:07.000000Z"},{"id":533,"depto_id":29,"nombre":"INTRODUCCION A LA ECONOMIA","created_at":"2023-11-28T20:45:07.000000Z","updated_at":"2023-11-28T20:45:07.000000Z"},{"id":534,"depto_id":29,"nombre":"INTRODUCCION AL ANALISIS ECONOMICO EMPRESARIAL","created_at":"2023-11-28T20:45:07.000000Z","updated_at":"2023-11-28T20:45:07.000000Z"},{"id":535,"depto_id":29,"nombre":"LITERATURA HISPANOAMERICANA CONTEMPORANEA","created_at":"2023-11-28T20:45:07.000000Z","updated_at":"2023-11-28T20:45:07.000000Z"},{"id":536,"depto_id":29,"nombre":"RECURSOS Y NECESIDADES DE MEXICO","created_at":"2023-11-28T20:45:07.000000Z","updated_at":"2023-11-28T20:45:07.000000Z"},{"id":537,"depto_id":29,"nombre":"REDACCION Y EXPOSICION DE TEMAS DE ING.(2016)","created_at":"2023-11-28T20:45:07.000000Z","updated_at":"2023-11-28T20:45:07.000000Z"},{"id":538,"depto_id":29,"nombre":"TALLER SOCIHUMANISTICO: LIDERAZGO","created_at":"2023-11-28T20:45:07.000000Z","updated_at":"2023-11-28T20:45:07.000000Z"},{"id":539,"depto_id":29,"nombre":"TALLER SOCIOHUMANISTICO:CREATIVIDAD","created_at":"2023-11-28T20:45:07.000000Z","updated_at":"2023-11-28T20:45:07.000000Z"}]  
[2023-11-28 21:00:25] local.INFO: array (
  'division' => '2',
  'departamento' => 'Departamento de Asignaturas Socio-humanísticas',
  'asignatura' => '532',
)  
[2023-11-28 23:01:46] local.INFO: [{"id":9,"division_id":5,"nombre":"Departamento de Ingenier\u00eda de Control y Rob\u00f3tica","created_at":"2023-11-28T22:59:20.000000Z","updated_at":"2023-11-28T22:59:20.000000Z"},{"id":12,"division_id":5,"nombre":"Departamento de Ingenier\u00eda Electr\u00f3nica","created_at":"2023-11-28T22:59:20.000000Z","updated_at":"2023-11-28T22:59:20.000000Z"},{"id":13,"division_id":5,"nombre":"Departamento de Ingenier\u00eda en Computaci\u00f3n","created_at":"2023-11-28T22:59:20.000000Z","updated_at":"2023-11-28T22:59:20.000000Z"},{"id":14,"division_id":5,"nombre":"Departamento de Ingenier\u00eda en Energ\u00eda El\u00e9ctrica","created_at":"2023-11-28T22:59:20.000000Z","updated_at":"2023-11-28T22:59:20.000000Z"},{"id":15,"division_id":5,"nombre":"Departamento de Ingenier\u00eda en Procesamiento de Se\u00f1ales","created_at":"2023-11-28T22:59:20.000000Z","updated_at":"2023-11-28T22:59:20.000000Z"},{"id":16,"division_id":5,"nombre":"Departamento de Ingenier\u00eda en Sistemas Energ\u00e9ticos","created_at":"2023-11-28T22:59:20.000000Z","updated_at":"2023-11-28T22:59:20.000000Z"},{"id":17,"division_id":5,"nombre":"Departamento de Ingenier\u00eda en Telecomunicaciones","created_at":"2023-11-28T22:59:20.000000Z","updated_at":"2023-11-28T22:59:20.000000Z"}]  
[2023-11-28 23:01:52] local.INFO: [{"id":239,"depto_id":13,"nombre":"ADMINISTRACION DE PROYECTOS DE SOFTWARE","created_at":"2023-11-28T22:59:21.000000Z","updated_at":"2023-11-28T22:59:21.000000Z"},{"id":240,"depto_id":13,"nombre":"ADMINISTRACION DE REDES","created_at":"2023-11-28T22:59:21.000000Z","updated_at":"2023-11-28T22:59:21.000000Z"},{"id":241,"depto_id":13,"nombre":"ARQUITECTURA DE COMPUTADORAS","created_at":"2023-11-28T22:59:21.000000Z","updated_at":"2023-11-28T22:59:21.000000Z"},{"id":242,"depto_id":13,"nombre":"BASES DE DATOS","created_at":"2023-11-28T22:59:21.000000Z","updated_at":"2023-11-28T22:59:21.000000Z"},{"id":243,"depto_id":13,"nombre":"BASES DE DATOS AVANZADAS","created_at":"2023-11-28T22:59:21.000000Z","updated_at":"2023-11-28T22:59:21.000000Z"},{"id":244,"depto_id":13,"nombre":"BASES DE DATOS DISTRIBUIDAS","created_at":"2023-11-28T22:59:21.000000Z","updated_at":"2023-11-28T22:59:21.000000Z"},{"id":245,"depto_id":13,"nombre":"BASES DE DATOS ESPACIALES","created_at":"2023-11-28T22:59:21.000000Z","updated_at":"2023-11-28T22:59:21.000000Z"},{"id":246,"depto_id":13,"nombre":"COMPILADORES","created_at":"2023-11-28T22:59:21.000000Z","updated_at":"2023-11-28T22:59:21.000000Z"},{"id":247,"depto_id":13,"nombre":"COMPUTACION GRAFICA","created_at":"2023-11-28T22:59:21.000000Z","updated_at":"2023-11-28T22:59:21.000000Z"},{"id":248,"depto_id":13,"nombre":"COMPUTACION GRAFICA E INTERACCION HUMANO-COMPUTADORA","created_at":"2023-11-28T22:59:21.000000Z","updated_at":"2023-11-28T22:59:21.000000Z"},{"id":249,"depto_id":13,"nombre":"COMPUTO MOVIL","created_at":"2023-11-28T22:59:21.000000Z","updated_at":"2023-11-28T22:59:21.000000Z"},{"id":250,"depto_id":13,"nombre":"CRIPTOGRAFIA","created_at":"2023-11-28T22:59:21.000000Z","updated_at":"2023-11-28T22:59:21.000000Z"},{"id":251,"depto_id":13,"nombre":"DEPOSITOS DE DATOS","created_at":"2023-11-28T22:59:21.000000Z","updated_at":"2023-11-28T22:59:21.000000Z"},{"id":252,"depto_id":13,"nombre":"DISE\u00d1O DE INTERFACES, MULTIMEDIA Y REALlDAD VIRTUAL","created_at":"2023-11-28T22:59:21.000000Z","updated_at":"2023-11-28T22:59:21.000000Z"},{"id":253,"depto_id":13,"nombre":"DISE\u00d1O DE SISTEMAS DIGITALES","created_at":"2023-11-28T22:59:21.000000Z","updated_at":"2023-11-28T22:59:21.000000Z"},{"id":254,"depto_id":13,"nombre":"DISE\u00d1O DIGITAL MODERNO","created_at":"2023-11-28T22:59:21.000000Z","updated_at":"2023-11-28T22:59:21.000000Z"},{"id":255,"depto_id":13,"nombre":"DISE\u00d1O DIGITAL VLSI","created_at":"2023-11-28T22:59:21.000000Z","updated_at":"2023-11-28T22:59:21.000000Z"},{"id":256,"depto_id":13,"nombre":"ESTRUCTURA DE DATOS Y ALGORITMOS I","created_at":"2023-11-28T22:59:21.000000Z","updated_at":"2023-11-28T22:59:21.000000Z"},{"id":257,"depto_id":13,"nombre":"ESTRUCTURA Y PROGRAMACION  DE COMPUTADORAS","created_at":"2023-11-28T22:59:21.000000Z","updated_at":"2023-11-28T22:59:21.000000Z"},{"id":258,"depto_id":13,"nombre":"ESTRUCTURAS DISCRETAS","created_at":"2023-11-28T22:59:21.000000Z","updated_at":"2023-11-28T22:59:21.000000Z"},{"id":259,"depto_id":13,"nombre":"FINANZAS EN LA INGENIERIA EN COMPUTACION","created_at":"2023-11-28T22:59:21.000000Z","updated_at":"2023-11-28T22:59:21.000000Z"},{"id":260,"depto_id":13,"nombre":"FUNDAMENTOS DE PROGRAMACION (2016)","created_at":"2023-11-28T22:59:21.000000Z","updated_at":"2023-11-28T22:59:21.000000Z"},{"id":261,"depto_id":13,"nombre":"FUNDAMENTOS DE SISTEMAS EMBEBIDOS","created_at":"2023-11-28T22:59:21.000000Z","updated_at":"2023-11-28T22:59:21.000000Z"},{"id":262,"depto_id":13,"nombre":"INGENIERIA DE SOFTWARE","created_at":"2023-11-28T22:59:21.000000Z","updated_at":"2023-11-28T22:59:21.000000Z"},{"id":263,"depto_id":13,"nombre":"INTELIGENCIA ARTIFICIAL","created_at":"2023-11-28T22:59:21.000000Z","updated_at":"2023-11-28T22:59:21.000000Z"},{"id":264,"depto_id":13,"nombre":"LAB. ADMINISTRACION DE REDES","created_at":"2023-11-28T22:59:21.000000Z","updated_at":"2023-11-28T22:59:21.000000Z"},{"id":265,"depto_id":13,"nombre":"LAB. BASES DE DATOS","created_at":"2023-11-28T22:59:21.000000Z","updated_at":"2023-11-28T22:59:21.000000Z"},{"id":266,"depto_id":13,"nombre":"LAB. COMPUTACION GRAFICA","created_at":"2023-11-28T22:59:21.000000Z","updated_at":"2023-11-28T22:59:21.000000Z"},{"id":267,"depto_id":13,"nombre":"LAB. COMPUTACION GRAFICA E INTERACCION HUMANO-COMPUTADORA","created_at":"2023-11-28T22:59:21.000000Z","updated_at":"2023-11-28T22:59:21.000000Z"},{"id":268,"depto_id":13,"nombre":"LAB. DISE\u00d1O DIGITAL MODERNO","created_at":"2023-11-28T22:59:21.000000Z","updated_at":"2023-11-28T22:59:21.000000Z"},{"id":269,"depto_id":13,"nombre":"LAB. DISPOSITIVOS DE ALMACENAMIENTO E\/S","created_at":"2023-11-28T22:59:21.000000Z","updated_at":"2023-11-28T22:59:21.000000Z"},{"id":270,"depto_id":13,"nombre":"LAB. MICROCOMPUTADORAS","created_at":"2023-11-28T22:59:21.000000Z","updated_at":"2023-11-28T22:59:21.000000Z"},{"id":271,"depto_id":13,"nombre":"LAB. ORGANIZACION Y ARQUITECTURA DE COMPUTADORAS","created_at":"2023-11-28T22:59:21.000000Z","updated_at":"2023-11-28T22:59:21.000000Z"},{"id":272,"depto_id":13,"nombre":"LAB. REDES DE DATOS","created_at":"2023-11-28T22:59:21.000000Z","updated_at":"2023-11-28T22:59:21.000000Z"},{"id":273,"depto_id":13,"nombre":"LAB. REDES DE DATOS SEGURAS","created_at":"2023-11-28T22:59:21.000000Z","updated_at":"2023-11-28T22:59:21.000000Z"},{"id":274,"depto_id":13,"nombre":"LENGUAJES DE PROGRAMACION","created_at":"2023-11-28T22:59:21.000000Z","updated_at":"2023-11-28T22:59:21.000000Z"},{"id":275,"depto_id":13,"nombre":"LENGUAJES FORMALES Y AUTOMATAS","created_at":"2023-11-28T22:59:21.000000Z","updated_at":"2023-11-28T22:59:21.000000Z"},{"id":276,"depto_id":13,"nombre":"MICROCOMPUTADORAS","created_at":"2023-11-28T22:59:21.000000Z","updated_at":"2023-11-28T22:59:21.000000Z"},{"id":277,"depto_id":13,"nombre":"MINERIA DE DATOS","created_at":"2023-11-28T22:59:21.000000Z","updated_at":"2023-11-28T22:59:21.000000Z"},{"id":278,"depto_id":13,"nombre":"MODELOS DE PROGRAMACION ORIENTADA A OBJETOS","created_at":"2023-11-28T22:59:21.000000Z","updated_at":"2023-11-28T22:59:21.000000Z"},{"id":279,"depto_id":13,"nombre":"ORGANIZACION Y ARQUITECTURA DE COMPUTADORAS","created_at":"2023-11-28T22:59:21.000000Z","updated_at":"2023-11-28T22:59:21.000000Z"},{"id":280,"depto_id":13,"nombre":"PROGRAMACION BASICA","created_at":"2023-11-28T22:59:21.000000Z","updated_at":"2023-11-28T22:59:21.000000Z"},{"id":281,"depto_id":13,"nombre":"PROGRAMACION ORIENTADA A OBJETOS","created_at":"2023-11-28T22:59:21.000000Z","updated_at":"2023-11-28T22:59:21.000000Z"},{"id":282,"depto_id":13,"nombre":"PROYECTO DE INVESTIGACION","created_at":"2023-11-28T22:59:21.000000Z","updated_at":"2023-11-28T22:59:21.000000Z"},{"id":283,"depto_id":13,"nombre":"REDES DE DATOS SEGURAS","created_at":"2023-11-28T22:59:21.000000Z","updated_at":"2023-11-28T22:59:21.000000Z"},{"id":284,"depto_id":13,"nombre":"SEGURIDAD INFORMATICA AVANZADA","created_at":"2023-11-28T22:59:21.000000Z","updated_at":"2023-11-28T22:59:21.000000Z"},{"id":285,"depto_id":13,"nombre":"SEGURIDAD INFORMATICA BASICA","created_at":"2023-11-28T22:59:21.000000Z","updated_at":"2023-11-28T22:59:21.000000Z"},{"id":286,"depto_id":13,"nombre":"SEGURIDAD INFORMATICA I","created_at":"2023-11-28T22:59:21.000000Z","updated_at":"2023-11-28T22:59:21.000000Z"},{"id":287,"depto_id":13,"nombre":"SEGURIDAD INFORMATICA II","created_at":"2023-11-28T22:59:21.000000Z","updated_at":"2023-11-28T22:59:21.000000Z"},{"id":288,"depto_id":13,"nombre":"SEMINARIO DE TITULACION","created_at":"2023-11-28T22:59:21.000000Z","updated_at":"2023-11-28T22:59:21.000000Z"},{"id":289,"depto_id":13,"nombre":"SEMINARIO DE TITULACION PARA INGENIEROS EN COMPUTACION","created_at":"2023-11-28T22:59:21.000000Z","updated_at":"2023-11-28T22:59:21.000000Z"},{"id":290,"depto_id":13,"nombre":"SISTEMAS DISTRIBUIDOS","created_at":"2023-11-28T22:59:21.000000Z","updated_at":"2023-11-28T22:59:21.000000Z"},{"id":291,"depto_id":13,"nombre":"SISTEMAS EMBEBIDOS AVANZADOS","created_at":"2023-11-28T22:59:21.000000Z","updated_at":"2023-11-28T22:59:21.000000Z"},{"id":292,"depto_id":13,"nombre":"SISTEMAS OPERATIVOS","created_at":"2023-11-28T22:59:21.000000Z","updated_at":"2023-11-28T22:59:21.000000Z"},{"id":293,"depto_id":13,"nombre":"TEMAS SELECTOS DE GRAFICACION","created_at":"2023-11-28T22:59:21.000000Z","updated_at":"2023-11-28T22:59:21.000000Z"},{"id":294,"depto_id":13,"nombre":"TEMAS SELECTOS DE INGENIERIA EN COMPUTACION I","created_at":"2023-11-28T22:59:21.000000Z","updated_at":"2023-11-28T22:59:21.000000Z"},{"id":295,"depto_id":13,"nombre":"TEMAS SELECTOS DE INGENIERIA EN COMPUTACION II","created_at":"2023-11-28T22:59:21.000000Z","updated_at":"2023-11-28T22:59:21.000000Z"},{"id":296,"depto_id":13,"nombre":"TEMAS SELECTOS DE INGENIERIA EN COMPUTACION III","created_at":"2023-11-28T22:59:21.000000Z","updated_at":"2023-11-28T22:59:21.000000Z"},{"id":297,"depto_id":13,"nombre":"TEMAS SELECTOS DE REDES Y SEGURIDAD","created_at":"2023-11-28T22:59:21.000000Z","updated_at":"2023-11-28T22:59:21.000000Z"},{"id":298,"depto_id":13,"nombre":"VERIFICACION Y VALlDACION DE SOFTWARE","created_at":"2023-11-28T22:59:21.000000Z","updated_at":"2023-11-28T22:59:21.000000Z"},{"id":299,"depto_id":13,"nombre":"ARQUITECTURAS CLlENTE\/SERVIDOR","created_at":"2023-11-28T22:59:21.000000Z","updated_at":"2023-11-28T22:59:21.000000Z"},{"id":300,"depto_id":13,"nombre":"COMPUTO DE ALTO DESEMPE\u00d1O","created_at":"2023-11-28T22:59:21.000000Z","updated_at":"2023-11-28T22:59:21.000000Z"},{"id":301,"depto_id":13,"nombre":"COMPUTACION GRAFICA AVANZADA","created_at":"2023-11-28T22:59:21.000000Z","updated_at":"2023-11-28T22:59:21.000000Z"},{"id":302,"depto_id":13,"nombre":"DISE\u00d1O ASISTIDO POR COMPUTADORA","created_at":"2023-11-28T22:59:21.000000Z","updated_at":"2023-11-28T22:59:21.000000Z"},{"id":303,"depto_id":13,"nombre":"ESTRUCTURA DE DATOS Y ALGORITMOS II","created_at":"2023-11-28T22:59:21.000000Z","updated_at":"2023-11-28T22:59:21.000000Z"},{"id":304,"depto_id":13,"nombre":"DISPOSITIVOS DE ALMACENAMIENTO Y ENTRADA-SALIDA","created_at":"2023-11-28T22:59:21.000000Z","updated_at":"2023-11-28T22:59:21.000000Z"},{"id":305,"depto_id":13,"nombre":"ADMINISTRACION DE PROYECTOS TIC","created_at":"2023-11-28T22:59:21.000000Z","updated_at":"2023-11-28T22:59:21.000000Z"},{"id":306,"depto_id":13,"nombre":"NEGOCIOS ELECTRONICOS Y DESARROLLO WEB","created_at":"2023-11-28T22:59:21.000000Z","updated_at":"2023-11-28T22:59:21.000000Z"},{"id":307,"depto_id":13,"nombre":"ADMINISTRACION DE SERVICIOS DE INTERNET","created_at":"2023-11-28T22:59:21.000000Z","updated_at":"2023-11-28T22:59:21.000000Z"},{"id":308,"depto_id":13,"nombre":"ARQUITECTURA CLIENTE SERVIDOR","created_at":"2023-11-28T22:59:21.000000Z","updated_at":"2023-11-28T22:59:21.000000Z"}]  
[2023-11-28 23:02:06] local.INFO: array (
  'division' => '5',
  'departamento' => 'Departamento de Ingeniería en Computación',
  'asignatura' => '240',
)  
