[2023-11-29 00:49:00] local.INFO: [{"id":10,"division_id":6,"nombre":"Departamento de Ingenier\u00eda de Dise\u00f1o y Manufactura","created_at":"2023-11-28T22:59:20.000000Z","updated_at":"2023-11-28T22:59:20.000000Z"},{"id":20,"division_id":6,"nombre":"Departamento de Sistemas Biom\u00e9dicos","created_at":"2023-11-28T22:59:20.000000Z","updated_at":"2023-11-28T22:59:20.000000Z"},{"id":21,"division_id":6,"nombre":"Departamento de Termofluidos","created_at":"2023-11-28T22:59:20.000000Z","updated_at":"2023-11-28T22:59:20.000000Z"},{"id":30,"division_id":6,"nombre":"Departamento de Ingenier\u00eda Industrial","created_at":"2023-11-28T22:59:20.000000Z","updated_at":"2023-11-28T22:59:20.000000Z"},{"id":31,"division_id":6,"nombre":"Departamento de Ingenier\u00eda Mecatr\u00f3nica","created_at":"2023-11-28T22:59:20.000000Z","updated_at":"2023-11-28T22:59:20.000000Z"},{"id":32,"division_id":6,"nombre":"Departamento de Ingenier\u00eda Aeroespacial","created_at":"2023-11-28T22:59:20.000000Z","updated_at":"2023-11-28T22:59:20.000000Z"}]  
[2023-11-29 00:49:11] local.INFO: []  
[2023-11-29 00:51:02] local.INFO: [{"id":10,"division_id":6,"nombre":"Departamento de Ingenier\u00eda de Dise\u00f1o y Manufactura","created_at":"2023-11-28T22:59:20.000000Z","updated_at":"2023-11-28T22:59:20.000000Z"},{"id":20,"division_id":6,"nombre":"Departamento de Sistemas Biom\u00e9dicos","created_at":"2023-11-28T22:59:20.000000Z","updated_at":"2023-11-28T22:59:20.000000Z"},{"id":21,"division_id":6,"nombre":"Departamento de Termofluidos","created_at":"2023-11-28T22:59:20.000000Z","updated_at":"2023-11-28T22:59:20.000000Z"},{"id":30,"division_id":6,"nombre":"Departamento de Ingenier\u00eda Industrial","created_at":"2023-11-28T22:59:20.000000Z","updated_at":"2023-11-28T22:59:20.000000Z"},{"id":31,"division_id":6,"nombre":"Departamento de Ingenier\u00eda Mecatr\u00f3nica","created_at":"2023-11-28T22:59:20.000000Z","updated_at":"2023-11-28T22:59:20.000000Z"},{"id":32,"division_id":6,"nombre":"Departamento de Ingenier\u00eda Aeroespacial","created_at":"2023-11-28T22:59:20.000000Z","updated_at":"2023-11-28T22:59:20.000000Z"}]  
[2023-11-29 00:51:07] local.INFO: []  
[2023-11-29 00:54:11] local.INFO: [{"id":32,"division_id":7,"nombre":"Departamento de Ingenier\u00eda Aeroespacial","created_at":"2023-11-29T00:53:24.000000Z","updated_at":"2023-11-29T00:53:24.000000Z"}]  
[2023-11-29 00:54:17] local.INFO: [{"id":599,"depto_id":32,"nombre":"MEDIO AMBIENTE AEROESPACIAL","created_at":"2023-11-29T00:53:26.000000Z","updated_at":"2023-11-29T00:53:26.000000Z"}]  
[2023-11-29 00:54:23] local.INFO: array (
  'division' => '7',
  'departamento' => 'Departamento de Ingeniería Aeroespacial',
  'asignatura' => '599',
)  
[2023-11-29 01:10:02] local.INFO: [{"id":32,"division_id":7,"nombre":"Departamento de Ingenier\u00eda Aeroespacial","created_at":"2023-11-29T00:53:24.000000Z","updated_at":"2023-11-29T00:53:24.000000Z"}]  
[2023-11-29 01:10:07] local.INFO: [{"id":599,"depto_id":32,"nombre":"MEDIO AMBIENTE AEROESPACIAL","created_at":"2023-11-29T00:53:26.000000Z","updated_at":"2023-11-29T00:53:26.000000Z"}]  
[2023-11-29 01:18:19] local.INFO: [{"id":1,"division_id":1,"nombre":"Coordinaci\u00f3n de Ciencias Aplicadas","created_at":"2023-11-29T00:53:24.000000Z","updated_at":"2023-11-29T00:53:24.000000Z"},{"id":2,"division_id":1,"nombre":"Coordinaci\u00f3n de F\u00edsica y Qu\u00edmica","created_at":"2023-11-29T00:53:24.000000Z","updated_at":"2023-11-29T00:53:24.000000Z"},{"id":3,"division_id":1,"nombre":"Coordinaci\u00f3n de Matem\u00e1ticas","created_at":"2023-11-29T00:53:24.000000Z","updated_at":"2023-11-29T00:53:24.000000Z"}]  
[2023-11-29 01:18:29] local.INFO: [{"id":1,"depto_id":1,"nombre":"ANALISIS NUMERICO","created_at":"2023-11-29T00:53:24.000000Z","updated_at":"2023-11-29T00:53:24.000000Z"},{"id":2,"depto_id":1,"nombre":"CINEMATICA Y DINAMICA","created_at":"2023-11-29T00:53:24.000000Z","updated_at":"2023-11-29T00:53:24.000000Z"},{"id":3,"depto_id":1,"nombre":"CINEMATICA Y DINAMICA (2016)","created_at":"2023-11-29T00:53:24.000000Z","updated_at":"2023-11-29T00:53:24.000000Z"},{"id":4,"depto_id":1,"nombre":"DIBUJO","created_at":"2023-11-29T00:53:24.000000Z","updated_at":"2023-11-29T00:53:24.000000Z"},{"id":5,"depto_id":1,"nombre":"DIBUJO  (2016)","created_at":"2023-11-29T00:53:24.000000Z","updated_at":"2023-11-29T00:53:24.000000Z"},{"id":6,"depto_id":1,"nombre":"ECUACIONES DIFERENCIALES (2016)","created_at":"2023-11-29T00:53:24.000000Z","updated_at":"2023-11-29T00:53:24.000000Z"},{"id":7,"depto_id":1,"nombre":"ESTADISTICA","created_at":"2023-11-29T00:53:24.000000Z","updated_at":"2023-11-29T00:53:24.000000Z"},{"id":8,"depto_id":1,"nombre":"ESTADISTICA PARA ING. ELEC. ELECTRONICA","created_at":"2023-11-29T00:53:24.000000Z","updated_at":"2023-11-29T00:53:24.000000Z"},{"id":9,"depto_id":1,"nombre":"ESTATICA","created_at":"2023-11-29T00:53:24.000000Z","updated_at":"2023-11-29T00:53:24.000000Z"},{"id":10,"depto_id":1,"nombre":"ESTATICA (2016)","created_at":"2023-11-29T00:53:24.000000Z","updated_at":"2023-11-29T00:53:24.000000Z"},{"id":11,"depto_id":1,"nombre":"FUNDAMENTOS DE ESTADISTICA","created_at":"2023-11-29T00:53:24.000000Z","updated_at":"2023-11-29T00:53:24.000000Z"},{"id":12,"depto_id":1,"nombre":"MATEMATICAS AVANZADAS","created_at":"2023-11-29T00:53:24.000000Z","updated_at":"2023-11-29T00:53:24.000000Z"},{"id":13,"depto_id":1,"nombre":"MECANICA  (2016)","created_at":"2023-11-29T00:53:24.000000Z","updated_at":"2023-11-29T00:53:24.000000Z"},{"id":14,"depto_id":1,"nombre":"PROBABILIDAD","created_at":"2023-11-29T00:53:24.000000Z","updated_at":"2023-11-29T00:53:24.000000Z"},{"id":15,"depto_id":1,"nombre":"PROBABILIDAD Y ESTADISTICA","created_at":"2023-11-29T00:53:24.000000Z","updated_at":"2023-11-29T00:53:24.000000Z"},{"id":16,"depto_id":1,"nombre":"REPRESENTACIONES GRAFICAS","created_at":"2023-11-29T00:53:24.000000Z","updated_at":"2023-11-29T00:53:24.000000Z"},{"id":17,"depto_id":1,"nombre":"DIBUJO INDUSTRIAL","created_at":"2023-11-29T00:53:24.000000Z","updated_at":"2023-11-29T00:53:24.000000Z"},{"id":18,"depto_id":1,"nombre":"FUNDAMENTOS DE PROBABILIDAD Y ESTADISTICA","created_at":"2023-11-29T00:53:24.000000Z","updated_at":"2023-11-29T00:53:24.000000Z"},{"id":19,"depto_id":1,"nombre":"LABORATORIO MECANICA (2016)","created_at":"2023-11-29T00:53:24.000000Z","updated_at":"2023-11-29T00:53:24.000000Z"}]  
[2023-11-29 01:18:42] local.INFO: array (
  'division' => '1',
  'departamento' => 'Coordinación de Ciencias Aplicadas',
  'asignatura' => '14',
)  
[2023-11-29 01:19:32] local.INFO: [{"id":32,"division_id":7,"nombre":"Departamento de Ingenier\u00eda Aeroespacial","created_at":"2023-11-29T00:53:24.000000Z","updated_at":"2023-11-29T00:53:24.000000Z"}]  
[2023-11-29 01:19:38] local.INFO: [{"id":599,"depto_id":32,"nombre":"MEDIO AMBIENTE AEROESPACIAL","created_at":"2023-11-29T00:53:26.000000Z","updated_at":"2023-11-29T00:53:26.000000Z"}]  
[2023-11-29 01:19:44] local.INFO: array (
  'division' => '7',
  'departamento' => 'Departamento de Ingeniería Aeroespacial',
  'asignatura' => '599',
)  
[2023-11-29 01:21:42] local.INFO: array (
  'division' => '7',
  'departamento' => 'Departamento de Ingeniería Aeroespacial',
  'asignatura' => '599',
)  
[2023-11-29 02:07:25] local.INFO: [{"id":32,"division_id":7,"nombre":"Ingenier\u00eda Aeroespacial","created_at":"2023-11-29T02:05:00.000000Z","updated_at":"2023-11-29T02:05:00.000000Z"}]  
[2023-11-29 02:07:31] local.INFO: [{"id":599,"depto_id":32,"nombre":"MEDIO AMBIENTE AEROESPACIAL","created_at":"2023-11-29T02:05:02.000000Z","updated_at":"2023-11-29T02:05:02.000000Z"}]  
[2023-11-29 02:07:38] local.INFO: array (
  'division' => '7',
  'departamento' => 'Ingeniería Aeroespacial',
  'asignatura' => '599',
)  
[2023-11-29 02:07:58] local.INFO: [{"id":32,"division_id":7,"nombre":"Ingenier\u00eda Aeroespacial","created_at":"2023-11-29T02:05:00.000000Z","updated_at":"2023-11-29T02:05:00.000000Z"}]  
[2023-11-29 02:08:05] local.INFO: [{"id":599,"depto_id":32,"nombre":"MEDIO AMBIENTE AEROESPACIAL","created_at":"2023-11-29T02:05:02.000000Z","updated_at":"2023-11-29T02:05:02.000000Z"}]  
[2023-11-29 02:10:38] local.INFO: [{"id":32,"division_id":7,"nombre":"Ingenier\u00eda Aeroespacial","created_at":"2023-11-29T02:05:00.000000Z","updated_at":"2023-11-29T02:05:00.000000Z"}]  
[2023-11-29 02:10:47] local.INFO: [{"id":599,"depto_id":32,"nombre":"MEDIO AMBIENTE AEROESPACIAL","created_at":"2023-11-29T02:05:02.000000Z","updated_at":"2023-11-29T02:05:02.000000Z"}]  
[2023-11-29 02:13:51] local.INFO: [{"id":32,"division_id":7,"nombre":"Ingenier\u00eda Aeroespacial","created_at":"2023-11-29T02:12:52.000000Z","updated_at":"2023-11-29T02:12:52.000000Z"}]  
[2023-11-29 02:13:57] local.INFO: [{"id":599,"depto_id":32,"nombre":"INTRODUCCI\u00d3N A INGENIERIA AEROESPACIAL","created_at":"2023-11-29T02:12:53.000000Z","updated_at":"2023-11-29T02:12:53.000000Z"},{"id":600,"depto_id":32,"nombre":"MEDIO AMBIENTE AEROESPACIAL","created_at":"2023-11-29T02:12:53.000000Z","updated_at":"2023-11-29T02:12:53.000000Z"}]  
[2023-11-29 02:14:04] local.INFO: array (
  'division' => '7',
  'departamento' => 'Ingeniería Aeroespacial',
  'asignatura' => '599',
)  
[2023-11-29 02:14:44] local.INFO: [{"id":9,"division_id":5,"nombre":"Departamento de Ingenier\u00eda de Control y Rob\u00f3tica","created_at":"2023-11-29T02:12:51.000000Z","updated_at":"2023-11-29T02:12:51.000000Z"},{"id":12,"division_id":5,"nombre":"Departamento de Ingenier\u00eda Electr\u00f3nica","created_at":"2023-11-29T02:12:52.000000Z","updated_at":"2023-11-29T02:12:52.000000Z"},{"id":13,"division_id":5,"nombre":"Departamento de Ingenier\u00eda en Computaci\u00f3n","created_at":"2023-11-29T02:12:52.000000Z","updated_at":"2023-11-29T02:12:52.000000Z"},{"id":14,"division_id":5,"nombre":"Departamento de Ingenier\u00eda en Energ\u00eda El\u00e9ctrica","created_at":"2023-11-29T02:12:52.000000Z","updated_at":"2023-11-29T02:12:52.000000Z"},{"id":15,"division_id":5,"nombre":"Departamento de Ingenier\u00eda en Procesamiento de Se\u00f1ales","created_at":"2023-11-29T02:12:52.000000Z","updated_at":"2023-11-29T02:12:52.000000Z"},{"id":16,"division_id":5,"nombre":"Departamento de Ingenier\u00eda en Sistemas Energ\u00e9ticos","created_at":"2023-11-29T02:12:52.000000Z","updated_at":"2023-11-29T02:12:52.000000Z"},{"id":17,"division_id":5,"nombre":"Departamento de Ingenier\u00eda en Telecomunicaciones","created_at":"2023-11-29T02:12:52.000000Z","updated_at":"2023-11-29T02:12:52.000000Z"}]  
[2023-11-29 02:14:54] local.INFO: [{"id":1,"division_id":1,"nombre":"Coordinaci\u00f3n de Ciencias Aplicadas","created_at":"2023-11-29T02:12:51.000000Z","updated_at":"2023-11-29T02:12:51.000000Z"},{"id":2,"division_id":1,"nombre":"Coordinaci\u00f3n de F\u00edsica y Qu\u00edmica","created_at":"2023-11-29T02:12:51.000000Z","updated_at":"2023-11-29T02:12:51.000000Z"},{"id":3,"division_id":1,"nombre":"Coordinaci\u00f3n de Matem\u00e1ticas","created_at":"2023-11-29T02:12:51.000000Z","updated_at":"2023-11-29T02:12:51.000000Z"}]  
[2023-11-29 02:15:01] local.INFO: [{"id":48,"depto_id":3,"nombre":"ALGEBRA (2016)","created_at":"2023-11-29T02:12:52.000000Z","updated_at":"2023-11-29T02:12:52.000000Z"},{"id":49,"depto_id":3,"nombre":"ALGEBRA LINEAL","created_at":"2023-11-29T02:12:52.000000Z","updated_at":"2023-11-29T02:12:52.000000Z"},{"id":50,"depto_id":3,"nombre":"ALGEBRA LINEAL (2016)","created_at":"2023-11-29T02:12:52.000000Z","updated_at":"2023-11-29T02:12:52.000000Z"},{"id":51,"depto_id":3,"nombre":"CALCULO INTEGRAL","created_at":"2023-11-29T02:12:52.000000Z","updated_at":"2023-11-29T02:12:52.000000Z"},{"id":52,"depto_id":3,"nombre":"CALCULO INTEGRAL (2016)","created_at":"2023-11-29T02:12:52.000000Z","updated_at":"2023-11-29T02:12:52.000000Z"},{"id":53,"depto_id":3,"nombre":"CALCULO VECTORIAL","created_at":"2023-11-29T02:12:52.000000Z","updated_at":"2023-11-29T02:12:52.000000Z"},{"id":54,"depto_id":3,"nombre":"CALCULO VECTORIAL (2016)","created_at":"2023-11-29T02:12:52.000000Z","updated_at":"2023-11-29T02:12:52.000000Z"},{"id":55,"depto_id":3,"nombre":"CALCULO Y GEOMETRIA ANALITICA (2016)","created_at":"2023-11-29T02:12:52.000000Z","updated_at":"2023-11-29T02:12:52.000000Z"}]  
[2023-11-29 02:15:11] local.INFO: array (
  'division' => '1',
  'departamento' => 'Coordinación de Matemáticas',
  'asignatura' => '54',
)  
